25/09/2017 15:03:30 main.java.com.cdp.Scripts.MainThread Chrome browser Started
25/09/2017 15:03:30 main.java.com.cdp.Scripts.MainThread Calling MainScript
25/09/2017 15:03:30 main.java.com.cdp.Scripts.MainThread Chrome::Browser Executing MainScript
25/09/2017 15:03:30 main.java.com.cdp.Scripts.MainThread Chrome::GETTING DATE AND START TIME
25/09/2017 15:03:30 main.java.com.cdp.Scripts.MainThread Chrome::INITIALIZING TEST RESULTS FOLDER WITH SYS DATE
25/09/2017 15:03:30 main.java.com.cdp.Scripts.MainThread Chrome::FolderName2017-09-25
25/09/2017 15:03:30 main.java.com.cdp.Scripts.MainThread Chrome::INITIALIZING SUBFOLDER NAME WITH SYS DATE, TIME IN HH:MM
25/09/2017 15:03:30 main.java.com.cdp.Scripts.MainThread Chrome::SubFolderNameChrome-Results-15-03-30
25/09/2017 15:03:30 main.java.com.cdp.Scripts.MainThread Chrome::Creatring Directory With Current Date
25/09/2017 15:03:30 main.java.com.cdp.Scripts.MainThread Chrome::Created Directory With Current Date
25/09/2017 15:03:30 main.java.com.cdp.Scripts.MainThread Chrome::Creating SubDirectory With Current TimeStamp & Browser Name
25/09/2017 15:03:30 main.java.com.cdp.Scripts.MainThread Chrome::COPYING CDP_Automation_Test_Report HTML FILE FROM INPUT FOLDER TO OUTPUT FOLDER
25/09/2017 15:03:31 main.java.com.cdp.Scripts.MainThread Chrome::COPY COMPLETED FOR CDP_Automation_Test_Report HTML FILE FROM INPUT FOLDER TO OUTPUT FOLDER
25/09/2017 15:03:31 main.java.com.cdp.Scripts.MainThread Chrome::Created SubDirectory With Current TimeStamp & Browser Name
25/09/2017 15:03:31 main.java.com.cdp.Scripts.MainThread Chrome::COPYING Suite_Web XLS FILE FROM INPUT FOLDER TO OUTPUT FOLDER
25/09/2017 15:03:31 main.java.com.cdp.Scripts.MainThread Chrome::COPY COMPLETED FOR Suite_Web XLS FILE FROM INPUT FOLDER TO OUTPUT FOLDER
25/09/2017 15:03:31 main.java.com.cdp.Scripts.MainThread Chrome::COPYING Results XLS FILE FROM INPUT FOLDER TO OUTPUT FOLDER
25/09/2017 15:03:31 main.java.com.cdp.Scripts.MainThread Chrome::COPY COMPLETED FOR Results XLS FILE FROM INPUT FOLDER TO OUTPUT FOLDER
25/09/2017 15:03:31 main.java.com.cdp.Scripts.MainThread Chrome::READING SUITE_WEB XLS FILE FROM OUTPUT DIRECTORY
25/09/2017 15:03:31 main.java.com.cdp.Scripts.MainThread CDPLogin -- Y
25/09/2017 15:03:31 main.java.com.cdp.Scripts.MainThread Chrome::COPYING CDPLogin XLS FILE FROM INPUT FOLDER TO OUTPUT FOLDER
25/09/2017 15:03:31 main.java.com.cdp.Scripts.MainThread Chrome::COPY COMPLETED FOR CDPLogin XLS FILE FROM INPUT FOLDER TO OUTPUT FOLDER
25/09/2017 15:03:32 main.java.com.cdp.Scripts.MainThread CDPLogin -- Y
25/09/2017 15:03:32 main.java.com.cdp.Scripts.MainThread Chrome**********Executing Test Cases**********CDPLogin
25/09/2017 15:03:32 main.java.com.cdp.Scripts.MainThread Creating Result Column In Current Test Steps and Test Cases Sheet
25/09/2017 15:03:32 main.java.com.cdp.Scripts.MainThread **********ITERATION NUMBER**********1
25/09/2017 15:03:32 main.java.com.cdp.Scripts.MainThread ******Looping CDPLogin ::Steps
25/09/2017 15:03:32 main.java.com.cdp.Scripts.MainThread TSID::TS01
25/09/2017 15:03:32 main.java.com.cdp.Scripts.MainThread executing current keyword::LaunchWebBrowser
25/09/2017 15:03:32 main.java.com.cdp.Scripts.MainThread executing keyword target::
25/09/2017 15:03:32 main.java.com.cdp.Scripts.MainThread data::
25/09/2017 15:03:32 main.java.com.cdp.Scripts.MainThread TCID::CDPLogin
25/09/2017 15:03:32 main.java.com.cdp.Scripts.MainThread Proceed_ON_FAIL::NO
25/09/2017 15:03:32 main.java.com.cdp.Scripts.MainThread Launching 1st Chrome ::Browser
25/09/2017 15:03:32 main.java.com.cdp.Scripts.Keywords LaunchingChromeBrowser
25/09/2017 15:03:34 main.java.com.cdp.Scripts.MainThread Chrome exiting...
